<?xml version="1.0" encoding="UTF-8"?>
<!-- Generated by org.testng.reporters.JUnitReportReporter -->
<testsuite skipped="0" hostname="abhisheks01" name="accuWeatherTestRunner.TestCase_01_UIAndAPI_TemperatureComparison" tests="1" failures="0" timestamp="16 Feb 2022 09:22:50 GMT" time="96.095" errors="0">
  <testcase name="comparePastWeekTemperatureWithToday" time="96.095" classname="accuWeatherTestRunner.TestCase_01_UIAndAPI_TemperatureComparison"/>
</testsuite> <!-- accuWeatherTestRunner.TestCase_01_UIAndAPI_TemperatureComparison -->
